_1F160.extracted
├── 3BE3EC.xz
├── 436000
├── 436000.7z
└── _436000.extracted
    ├── 0.cpio
    └── cpio-root
        ├── bin
        │   ├── addgroup -> busybox
        │   ├── adduser -> busybox
        │   ├── adjtimex
        │   ├── ash -> busybox
        │   ├── ated
        │   ├── busybox
        │   ├── cat -> busybox
        │   ├── chmod -> busybox
        │   ├── cp -> busybox
        │   ├── date -> busybox
        │   ├── df -> busybox
        │   ├── dmesg -> busybox
        │   ├── echo -> busybox
        │   ├── gpio
        │   ├── grep -> busybox
        │   ├── hostname -> busybox
        │   ├── iwconfig
        │   ├── iwpriv
        │   ├── kill -> busybox
        │   ├── ln -> busybox
        │   ├── login -> busybox
        │   ├── ls -> busybox
        │   ├── mkdir -> busybox
        │   ├── mkfs.jffs2
        │   ├── mknod -> busybox
        │   ├── mount -> busybox
        │   ├── mv -> busybox
        │   ├── netstat -> busybox
        │   ├── nice -> busybox
        │   ├── ntpclient
        │   ├── nvram_daemon
        │   ├── nvram_get -> ralink_init
        │   ├── nvram_set -> ralink_init
        │   ├── ping -> busybox
        │   ├── ps -> busybox
        │   ├── ralink_init
        │   ├── reg
        │   ├── rm -> busybox
        │   ├── rmdir -> busybox
        │   ├── sed -> busybox
        │   ├── sh -> busybox
        │   ├── sleep -> busybox
        │   ├── touch -> busybox
        │   └── umount -> busybox
        ├── dev
        │   ├── pts
        │   └── snd
        ├── etc_ro
        │   ├── dhcp
        │   │   └── simple.script
        │   ├── fstab
        │   ├── inittab
        │   ├── linuxigd
        │   ├── motd
        │   ├── ppp
        │   │   ├── 3g
        │   │   ├── peers
        │   │   └── plugins
        │   ├── profile
        │   ├── rcS
        │   ├── usb
        │   ├── web
        │   ├── wlan
        │   │   └── MT7620_AP_2T2R-4L_V15.BIN
        │   └── xml
        ├── init -> bin/busybox
        ├── lib
        │   ├── ipsec
        │   ├── ld-uClibc-0.9.28.so
        │   ├── ld-uClibc.so.0 -> ld-uClibc-0.9.28.so
        │   ├── libcrypt-0.9.28.so
        │   ├── libcrypt.so -> libcrypt-0.9.28.so
        │   ├── libcrypt.so.0 -> libcrypt-0.9.28.so
        │   ├── libc.so -> libuClibc-0.9.28.so
        │   ├── libc.so.0 -> libuClibc-0.9.28.so
        │   ├── libdl-0.9.28.so
        │   ├── libdl.so -> libdl-0.9.28.so
        │   ├── libdl.so.0 -> libdl-0.9.28.so
        │   ├── libm-0.9.28.so
        │   ├── libm.so -> libm-0.9.28.so
        │   ├── libm.so.0 -> libm-0.9.28.so
        │   ├── libnsl-0.9.28.so
        │   ├── libnsl.so -> libnsl-0.9.28.so
        │   ├── libnsl.so.0 -> libnsl-0.9.28.so
        │   ├── libnvram-0.9.28.so
        │   ├── libnvram.so -> libnvram-0.9.28.so
        │   ├── libnvram.so.0 -> libnvram-0.9.28.so
        │   ├── libpthread-0.9.28.so
        │   ├── libpthread.so -> libpthread-0.9.28.so
        │   ├── libpthread.so.0 -> libpthread-0.9.28.so
        │   ├── libresolv-0.9.28.so
        │   ├── libresolv.so -> libresolv-0.9.28.so
        │   ├── libresolv.so.0 -> libresolv-0.9.28.so
        │   ├── librt-0.9.28.so
        │   ├── librt.so -> librt-0.9.28.so
        │   ├── librt.so.0 -> librt-0.9.28.so
        │   ├── libuClibc-0.9.28.so
        │   ├── libusb.so -> libusb.so.0.1.12
        │   ├── libusb.so.0.1.12
        │   ├── libutil-0.9.28.so
        │   ├── libutil.so -> libutil-0.9.28.so
        │   ├── libutil.so.0 -> libutil-0.9.28.so
        │   ├── libz-1.2.3.so
        │   ├── libz.so -> libz-1.2.3.so
        │   ├── libz.so.1 -> libz-1.2.3.so
        │   └── modules
        ├── mnt
        ├── proc
        ├── sbin
        │   ├── arp -> ../bin/busybox
        │   ├── getty -> ../bin/busybox
        │   ├── halt -> ../bin/busybox
        │   ├── ifconfig -> ../bin/busybox
        │   ├── init -> ../bin/busybox
        │   ├── insmod -> ../bin/busybox
        │   ├── lsmod -> ../bin/busybox
        │   ├── mdev -> ../bin/busybox
        │   ├── poweroff -> ../bin/busybox
        │   ├── reboot -> ../bin/busybox
        │   ├── rmmod -> ../bin/busybox
        │   ├── route -> ../bin/busybox
        │   ├── sysctl -> ../bin/busybox
        │   └── udhcpc -> ../bin/busybox
        ├── sys
        ├── tmp
        ├── usr
        │   ├── bin
        │   │   ├── [ -> ../../bin/busybox
        │   │   ├── [[ -> ../../bin/busybox
        │   │   ├── awk -> ../../bin/busybox
        │   │   ├── expr -> ../../bin/busybox
        │   │   ├── find -> ../../bin/busybox
        │   │   ├── free -> ../../bin/busybox
        │   │   ├── killall -> ../../bin/busybox
        │   │   ├── passwd -> ../../bin/busybox
        │   │   ├── pkill -> ../../bin/busybox
        │   │   ├── seq -> ../../bin/busybox
        │   │   ├── test -> ../../bin/busybox
        │   │   ├── time -> ../../bin/busybox
        │   │   ├── top -> ../../bin/busybox
        │   │   ├── wc -> ../../bin/busybox
        │   │   ├── wget -> ../../bin/busybox
        │   │   └── xargs -> ../../bin/busybox
        │   ├── codepages
        │   ├── local
        │   └── sbin
        │       ├── brctl -> ../../bin/busybox
        │       └── telnetd -> ../../bin/busybox
        └── var

31 directories, 125 files
