curlx_ultous
curl_mfprintf
curl_msnprintf
curlx_uztoul
curlx_ultouc
curl_free
curl_easy_init
curlx_nonblock
curlx_sltosi
curl_easy_strerror
curl_maprintf
curlx_strtoofft
curl_strnequal
curl_slist_free_all
curl_mvaprintf
curl_easy_setopt
curl_multi_add_handle
curl_slist_append
curl_multi_remove_handle
curl_global_init
curl_global_init_mem
curl_global_cleanup
curl_global_sslset
curl_easy_perform
curl_multi_setopt
curl_multi_cleanup
curl_multi_poll
curl_multi_perform
curl_multi_info_read
curl_easy_cleanup
curl_easy_getinfo
curl_easy_duphandle
curlx_sotouz
curl_easy_reset
curl_easy_pause
curl_easy_recv
curl_easy_send
curl_easy_upkeep
curl_easy_option_by_name
curl_easy_option_by_id
curl_easy_option_next
curl_easy_escape
curl_escape
curl_easy_unescape
curlx_uztosi
curl_unescape
curl_mime_name
curl_formadd
curl_formfree
curl_mime_init
curl_mime_subparts
curl_mime_addpart
curl_mime_headers
curl_mime_data_cb
curl_mime_type
curl_mime_filedata
curl_mime_filename
curl_mime_data
curl_formget
curl_getenv
curlx_uztosz
curl_easy_header
curl_easy_nextheader
curlx_uztoui
curl_jmpenv
curl_url_dup
curl_url_set
curl_url_cleanup
curl_url_get
curlx_uitous
curl_pushheader_bynum
curl_pushheader_byname
curl_mime_free
curl_mime_encoder
curl_strequal
curl_mvsnprintf
curl_msprintf
curl_mprintf
curl_mvsprintf
curl_mvprintf
curl_mvfprintf
curl_multi_init
curl_multi_fdset
curl_multi_wakeup
curlx_sltoui
curl_multi_timeout
curl_multi_wait
curl_multi_assign
curl_multi_socket
curl_multi_socket_action
curl_multi_socket_all
curl_getdate
curlx_sltous
curl_share_init
curl_share_setopt
curl_share_cleanup
curl_multi_strerror
curl_share_strerror
curl_url_strerror
curlx_mstotv
curlx_tvtoms
curl_url
Curl_uc_to_curlcode
curl_version
curl_version_info
curlx_uztoso
curlx_sztosi
curlx_sitouz
curl_ws_recv
curl_ws_send
curl_ws_meta
libcurl.so.4
# Your alt-svc cache. https://curl.se/docs/alt-svc.html
# This file was generated by libcurl! Edit at your own risk.
Unrecognized content encoding type. libcurl understands %s content encodings.
# https://curl.se/docs/http-cookies.html
# This file was generated by libcurl! Edit at your own risk.
CLIENT libcurl 7.86.0
CLIENT libcurl 7.86.0
CLIENT libcurl 7.86.0
# Your HSTS cache. https://curl.se/docs/hsts.html
# This file was generated by libcurl! Edit at your own risk.
A requested feature, protocol or option was not found built-in in this libcurl due to a build-time decision.
A libcurl function was given a bad argument
An unknown option was passed in to libcurl
Please call curl_multi_perform() soon
Unsupported proxy '%s', libcurl is built without the HTTPS-proxy support.
Protocol "%s" not supported or disabled in libcurl
libcurl/7.86.0
curl user interface
